<?xml version="1.0" encoding="UTF-8"?>
<!-- Generated by org.testng.reporters.JUnitXMLReporter -->
<testsuite hostname="Srida-PC" ignored="0" name="Test" tests="3" failures="0" timestamp="14 Jul 2017 03:59:51 GMT" time="20.638" errors="0">
  <testcase name="test3" time="9.523" classname="example.SampleMavenTest3"/>
  <testcase name="test2" time="5.527" classname="com.org.MavenProject.MavenTest.SampleMavenTest2"/>
  <testcase name="test" time="5.497" classname="com.org.MavenProject.MavenTest.SampleMavenTest"/>
</testsuite> <!-- Test -->
