<?xml version="1.0" encoding="UTF-8"?>
<testng-results skipped="0" failed="0" ignored="0" total="3" passed="3">
  <reporter-output>
  </reporter-output>
  <suite name="Suite" duration-ms="20638" started-at="2017-07-14T03:59:30Z" finished-at="2017-07-14T03:59:51Z">
    <groups>
    </groups>
    <test name="Test" duration-ms="20638" started-at="2017-07-14T03:59:30Z" finished-at="2017-07-14T03:59:51Z">
      <class name="com.org.MavenProject.MavenTest.SampleMavenTest">
        <test-method status="PASS" signature="test()[pri:0, instance:com.org.MavenProject.MavenTest.SampleMavenTest@4b952a2d]" name="test" duration-ms="5497" started-at="2017-07-14T09:29:45Z" finished-at="2017-07-14T09:29:51Z">
          <reporter-output>
          </reporter-output>
        </test-method> <!-- test -->
      </class> <!-- com.org.MavenProject.MavenTest.SampleMavenTest -->
      <class name="com.org.MavenProject.MavenTest.SampleMavenTest2">
        <test-method status="PASS" signature="test2()[pri:0, instance:com.org.MavenProject.MavenTest.SampleMavenTest2@69ea3742]" name="test2" duration-ms="5527" started-at="2017-07-14T09:29:40Z" finished-at="2017-07-14T09:29:45Z">
          <reporter-output>
          </reporter-output>
        </test-method> <!-- test2 -->
      </class> <!-- com.org.MavenProject.MavenTest.SampleMavenTest2 -->
      <class name="example.SampleMavenTest3">
        <test-method status="PASS" signature="test3()[pri:0, instance:example.SampleMavenTest3@ff5b51f]" name="test3" duration-ms="9523" started-at="2017-07-14T09:29:30Z" finished-at="2017-07-14T09:29:40Z">
          <reporter-output>
          </reporter-output>
        </test-method> <!-- test3 -->
      </class> <!-- example.SampleMavenTest3 -->
    </test> <!-- Test -->
  </suite> <!-- Suite -->
</testng-results>
